0 info it worked if it ends with ok
1 verbose cli [ 'C:\\Users\\Mathias\\Documents\\Programmierung\\nodejs\\\\node.exe',
1 verbose cli   'C:\\Users\\Mathias\\Documents\\Programmierung\\nodejs\\node_modules\\npm\\bin\\npm-cli.js',
1 verbose cli   'install',
1 verbose cli   'http' ]
2 info using npm@1.2.25
3 info using node@v0.10.10
4 verbose node symlink C:\Users\Mathias\Documents\Programmierung\nodejs\\node.exe
5 verbose read json C:\Users\Mathias\Documents\Programmierung\bitstarter\package.json
6 warn package.json node-example@0.0.1 No repository field.
7 verbose read json C:\Users\Mathias\Documents\Programmierung\bitstarter\node_modules\cheerio\package.json
8 verbose read json C:\Users\Mathias\Documents\Programmierung\bitstarter\node_modules\commander\package.json
9 verbose read json C:\Users\Mathias\Documents\Programmierung\bitstarter\node_modules\express\package.json
10 verbose read json C:\Users\Mathias\Documents\Programmierung\bitstarter\node_modules\restler\package.json
11 warn package.json restler@2.0.1 No repository field.
12 verbose from cache C:\Users\Mathias\Documents\Programmierung\bitstarter\package.json
13 verbose readDependencies using package.json deps
14 verbose cache add [ 'http', null ]
15 verbose cache add name=undefined spec="http" args=["http",null]
16 verbose parsed url { protocol: null,
16 verbose parsed url   slashes: null,
16 verbose parsed url   auth: null,
16 verbose parsed url   host: null,
16 verbose parsed url   port: null,
16 verbose parsed url   hostname: null,
16 verbose parsed url   hash: null,
16 verbose parsed url   search: null,
16 verbose parsed url   query: null,
16 verbose parsed url   pathname: 'http',
16 verbose parsed url   path: 'http',
16 verbose parsed url   href: 'http' }
17 silly lockFile 77b5f8e3-http http
18 verbose lock http C:\Users\Mathias\AppData\Roaming\npm-cache\77b5f8e3-http.lock
19 silly lockFile 77b5f8e3-http http
20 silly lockFile 77b5f8e3-http http
21 verbose addNamed [ 'http', '' ]
22 verbose addNamed [ null, '' ]
23 silly lockFile c1086ff9-http http@
24 verbose lock http@ C:\Users\Mathias\AppData\Roaming\npm-cache\c1086ff9-http.lock
25 silly addNameRange { name: 'http', range: '', hasData: false }
26 verbose url raw http
27 verbose url resolving [ 'https://registry.npmjs.org/', './http' ]
28 verbose url resolved https://registry.npmjs.org/http
29 info trying registry request attempt 1 at 21:06:05
30 http GET https://registry.npmjs.org/http
31 http 404 https://registry.npmjs.org/http
32 silly registry.get cb [ 404,
32 silly registry.get   { server: 'CouchDB/1.3.0 (Erlang OTP/R15B03)',
32 silly registry.get     date: 'Mon, 08 Jul 2013 19:06:10 GMT',
32 silly registry.get     'content-type': 'application/json',
32 silly registry.get     'content-length': '52',
32 silly registry.get     'cache-control': 'must-revalidate' } ]
33 silly lockFile c1086ff9-http http@
34 silly lockFile c1086ff9-http http@
35 error 404 'http' is not in the npm registry.
35 error 404 You should bug the author to publish it
35 error 404
35 error 404 Note that you can also install from a
35 error 404 tarball, folder, or http url, or git url.
36 error System Windows_NT 6.1.7601
37 error command "C:\\Users\\Mathias\\Documents\\Programmierung\\nodejs\\\\node.exe" "C:\\Users\\Mathias\\Documents\\Programmierung\\nodejs\\node_modules\\npm\\bin\\npm-cli.js" "install" "http"
38 error cwd C:\Users\Mathias\Documents\Programmierung\bitstarter
39 error node -v v0.10.10
40 error npm -v 1.2.25
41 error code E404
42 verbose exit [ 1, true ]
